TITLE : Plate Element Test - 64 Elements (8x8 Grid)
        (19:15:37 on June 3, 2025, Tuesday)

C O N T R O L   I N F O R M A T I O N

      NUMBER OF NODAL POINTS . . . . . . . . . . (NUMNP)  =    81
      NUMBER OF ELEMENT GROUPS . . . . . . . . . (NUMEG)  =     1
      NUMBER OF LOAD CASES . . . . . . . . . . . (NLCASE) =     1
      SOLUTION MODE  . . . . . . . . . . . . . . (MODEX)  =     1
         EQ.0, DATA CHECK
         EQ.1, EXECUTION

 N O D A L   P O I N T   D A T A

    NODE       BOUNDARY                         NODAL POINT
   NUMBER  CONDITION  CODES                     COORDINATES
        1    1    1    1       0.00000e+00    0.00000e+00    0.00000e+00
        2    1    1    1       1.00000e+00    0.00000e+00    0.00000e+00
        3    1    1    1       2.00000e+00    0.00000e+00    0.00000e+00
        4    1    1    1       3.00000e+00    0.00000e+00    0.00000e+00
        5    1    1    1       4.00000e+00    0.00000e+00    0.00000e+00
        6    1    1    1       5.00000e+00    0.00000e+00    0.00000e+00
        7    1    1    1       6.00000e+00    0.00000e+00    0.00000e+00
        8    1    1    1       7.00000e+00    0.00000e+00    0.00000e+00
        9    1    1    1       8.00000e+00    0.00000e+00    0.00000e+00
       10    1    1    1       0.00000e+00    1.00000e+00    0.00000e+00
       11    0    0    0       1.00000e+00    1.00000e+00    0.00000e+00
       12    0    0    0       2.00000e+00    1.00000e+00    0.00000e+00
       13    0    0    0       3.00000e+00    1.00000e+00    0.00000e+00
       14    0    0    0       4.00000e+00    1.00000e+00    0.00000e+00
       15    0    0    0       5.00000e+00    1.00000e+00    0.00000e+00
       16    0    0    0       6.00000e+00    1.00000e+00    0.00000e+00
       17    0    0    0       7.00000e+00    1.00000e+00    0.00000e+00
       18    1    1    1       8.00000e+00    1.00000e+00    0.00000e+00
       19    1    1    1       0.00000e+00    2.00000e+00    0.00000e+00
       20    0    0    0       1.00000e+00    2.00000e+00    0.00000e+00
       21    0    0    0       2.00000e+00    2.00000e+00    0.00000e+00
       22    0    0    0       3.00000e+00    2.00000e+00    0.00000e+00
       23    0    0    0       4.00000e+00    2.00000e+00    0.00000e+00
       24    0    0    0       5.00000e+00    2.00000e+00    0.00000e+00
       25    0    0    0       6.00000e+00    2.00000e+00    0.00000e+00
       26    0    0    0       7.00000e+00    2.00000e+00    0.00000e+00
       27    1    1    1       8.00000e+00    2.00000e+00    0.00000e+00
       28    1    1    1       0.00000e+00    3.00000e+00    0.00000e+00
       29    0    0    0       1.00000e+00    3.00000e+00    0.00000e+00
       30    0    0    0       2.00000e+00    3.00000e+00    0.00000e+00
       31    0    0    0       3.00000e+00    3.00000e+00    0.00000e+00
       32    0    0    0       4.00000e+00    3.00000e+00    0.00000e+00
       33    0    0    0       5.00000e+00    3.00000e+00    0.00000e+00
       34    0    0    0       6.00000e+00    3.00000e+00    0.00000e+00
       35    0    0    0       7.00000e+00    3.00000e+00    0.00000e+00
       36    1    1    1       8.00000e+00    3.00000e+00    0.00000e+00
       37    1    1    1       0.00000e+00    4.00000e+00    0.00000e+00
       38    0    0    0       1.00000e+00    4.00000e+00    0.00000e+00
       39    0    0    0       2.00000e+00    4.00000e+00    0.00000e+00
       40    0    0    0       3.00000e+00    4.00000e+00    0.00000e+00
       41    0    0    0       4.00000e+00    4.00000e+00    0.00000e+00
       42    0    0    0       5.00000e+00    4.00000e+00    0.00000e+00
       43    0    0    0       6.00000e+00    4.00000e+00    0.00000e+00
       44    0    0    0       7.00000e+00    4.00000e+00    0.00000e+00
       45    1    1    1       8.00000e+00    4.00000e+00    0.00000e+00
       46    1    1    1       0.00000e+00    5.00000e+00    0.00000e+00
       47    0    0    0       1.00000e+00    5.00000e+00    0.00000e+00
       48    0    0    0       2.00000e+00    5.00000e+00    0.00000e+00
       49    0    0    0       3.00000e+00    5.00000e+00    0.00000e+00
       50    0    0    0       4.00000e+00    5.00000e+00    0.00000e+00
       51    0    0    0       5.00000e+00    5.00000e+00    0.00000e+00
       52    0    0    0       6.00000e+00    5.00000e+00    0.00000e+00
       53    0    0    0       7.00000e+00    5.00000e+00    0.00000e+00
       54    1    1    1       8.00000e+00    5.00000e+00    0.00000e+00
       55    1    1    1       0.00000e+00    6.00000e+00    0.00000e+00
       56    0    0    0       1.00000e+00    6.00000e+00    0.00000e+00
       57    0    0    0       2.00000e+00    6.00000e+00    0.00000e+00
       58    0    0    0       3.00000e+00    6.00000e+00    0.00000e+00
       59    0    0    0       4.00000e+00    6.00000e+00    0.00000e+00
       60    0    0    0       5.00000e+00    6.00000e+00    0.00000e+00
       61    0    0    0       6.00000e+00    6.00000e+00    0.00000e+00
       62    0    0    0       7.00000e+00    6.00000e+00    0.00000e+00
       63    1    1    1       8.00000e+00    6.00000e+00    0.00000e+00
       64    1    1    1       0.00000e+00    7.00000e+00    0.00000e+00
       65    0    0    0       1.00000e+00    7.00000e+00    0.00000e+00
       66    0    0    0       2.00000e+00    7.00000e+00    0.00000e+00
       67    0    0    0       3.00000e+00    7.00000e+00    0.00000e+00
       68    0    0    0       4.00000e+00    7.00000e+00    0.00000e+00
       69    0    0    0       5.00000e+00    7.00000e+00    0.00000e+00
       70    0    0    0       6.00000e+00    7.00000e+00    0.00000e+00
       71    0    0    0       7.00000e+00    7.00000e+00    0.00000e+00
       72    1    1    1       8.00000e+00    7.00000e+00    0.00000e+00
       73    1    1    1       0.00000e+00    8.00000e+00    0.00000e+00
       74    1    1    1       1.00000e+00    8.00000e+00    0.00000e+00
       75    1    1    1       2.00000e+00    8.00000e+00    0.00000e+00
       76    1    1    1       3.00000e+00    8.00000e+00    0.00000e+00
       77    1    1    1       4.00000e+00    8.00000e+00    0.00000e+00
       78    1    1    1       5.00000e+00    8.00000e+00    0.00000e+00
       79    1    1    1       6.00000e+00    8.00000e+00    0.00000e+00
       80    1    1    1       7.00000e+00    8.00000e+00    0.00000e+00
       81    1    1    1       8.00000e+00    8.00000e+00    0.00000e+00

 EQUATION NUMBERS

   NODE NUMBER   DEGREES OF FREEDOM
        N           X    Y    Z
        1           0    0    0
        2           0    0    0
        3           0    0    0
        4           0    0    0
        5           0    0    0
        6           0    0    0
        7           0    0    0
        8           0    0    0
        9           0    0    0
       10           0    0    0
       11           1    2    3
       12           4    5    6
       13           7    8    9
       14          10   11   12
       15          13   14   15
       16          16   17   18
       17          19   20   21
       18           0    0    0
       19           0    0    0
       20          22   23   24
       21          25   26   27
       22          28   29   30
       23          31   32   33
       24          34   35   36
       25          37   38   39
       26          40   41   42
       27           0    0    0
       28           0    0    0
       29          43   44   45
       30          46   47   48
       31          49   50   51
       32          52   53   54
       33          55   56   57
       34          58   59   60
       35          61   62   63
       36           0    0    0
       37           0    0    0
       38          64   65   66
       39          67   68   69
       40          70   71   72
       41          73   74   75
       42          76   77   78
       43          79   80   81
       44          82   83   84
       45           0    0    0
       46           0    0    0
       47          85   86   87
       48          88   89   90
       49          91   92   93
       50          94   95   96
       51          97   98   99
       52         100  101  102
       53         103  104  105
       54           0    0    0
       55           0    0    0
       56         106  107  108
       57         109  110  111
       58         112  113  114
       59         115  116  117
       60         118  119  120
       61         121  122  123
       62         124  125  126
       63           0    0    0
       64           0    0    0
       65         127  128  129
       66         130  131  132
       67         133  134  135
       68         136  137  138
       69         139  140  141
       70         142  143  144
       71         145  146  147
       72           0    0    0
       73           0    0    0
       74           0    0    0
       75           0    0    0
       76           0    0    0
       77           0    0    0
       78           0    0    0
       79           0    0    0
       80           0    0    0
       81           0    0    0

 L O A D   C A S E   D A T A

     LOAD CASE NUMBER . . . . . . . =     1
     NUMBER OF CONCENTRATED LOADS . =    51

    NODE       DIRECTION      LOAD
   NUMBER                   MAGNITUDE
     11            3       -1.00000e+00
     12            3       -1.00000e+00
     13            3       -1.00000e+00
     14            3       -1.00000e+00
     15            3       -1.00000e+00
     16            3       -1.00000e+00
     17            3       -1.00000e+00
     20            3       -1.00000e+00
     21            3       -1.00000e+00
     22            3       -1.00000e+00
     23            3       -1.00000e+00
     24            3       -1.00000e+00
     25            3       -1.00000e+00
     26            3       -1.00000e+00
     29            3       -1.00000e+00
     30            3       -1.00000e+00
     31            3       -1.00000e+00
     32            3       -1.00000e+00
     33            3       -1.00000e+00
     34            3       -1.00000e+00
     35            3       -1.00000e+00
     38            3       -1.00000e+00
     39            3       -1.00000e+00
     40            3       -1.00000e+00
     41            3       -1.00000e+00
     42            3       -1.00000e+00
     43            3       -1.00000e+00
     44            3       -1.00000e+00
     47            3       -1.00000e+00
     48            3       -1.00000e+00
     49            3       -1.00000e+00
     50            3       -1.00000e+00
     51            3       -1.00000e+00
     52            3       -1.00000e+00
     53            3       -1.00000e+00
     54            3       -1.00000e+00
     55            3       -1.00000e+00
     56            3       -1.00000e+00
     57            3       -1.00000e+00
     58            3       -1.00000e+00
     59            3       -1.00000e+00
     60            3       -1.00000e+00
     61            3       -1.00000e+00
     62            3       -1.00000e+00
     65            3       -1.00000e+00
     66            3       -1.00000e+00
     67            3       -1.00000e+00
     68            3       -1.00000e+00
     69            3       -1.00000e+00
     70            3       -1.00000e+00
     71            3       -1.00000e+00

 E L E M E N T   G R O U P   D A T A


 E L E M E N T   D E F I N I T I O N

 ELEMENT TYPE  . . . . . . . . . . . . .( NPAR(1) ) . . =    2
     EQ.1, TRUSS ELEMENTS
     EQ.2, ELEMENTS CURRENTLY
     EQ.3, NOT AVAILABLE

 NUMBER OF ELEMENTS. . . . . . . . . . .( NPAR(2) ) . . =   64

2 has not been implemented yet.
	TOTAL SYSTEM DATA

     NUMBER OF EQUATIONS . . . . . . . . . . . . . .(NEQ) = 147
     NUMBER OF MATRIX ELEMENTS . . . . . . . . . . .(NWK) = 3318
     MAXIMUM HALF BANDWIDTH  . . . . . . . . . . . .(MK ) = 27
     MEAN HALF BANDWIDTH . . . . . . . . . . . . . .(MM ) = 22


 LOAD CASE    1


 D I S P L A C E M E N T S

  NODE           X-DISPLACEMENT    Y-DISPLACEMENT    Z-DISPLACEMENT

 D I S P L A C E M E N T S (S4R: theta_x, theta_y, w)

  NODE         THETA_X(RAD)    THETA_Y(RAD)    W (OUT OF PLANE)
     1       0.00000e+00       0.00000e+00       0.00000e+00
     2       0.00000e+00       0.00000e+00       0.00000e+00
     3       0.00000e+00       0.00000e+00       0.00000e+00
     4       0.00000e+00       0.00000e+00       0.00000e+00
     5       0.00000e+00       0.00000e+00       0.00000e+00
     6       0.00000e+00       0.00000e+00       0.00000e+00
     7       0.00000e+00       0.00000e+00       0.00000e+00
     8       0.00000e+00       0.00000e+00       0.00000e+00
     9       0.00000e+00       0.00000e+00       0.00000e+00
    10       0.00000e+00       0.00000e+00       0.00000e+00
    11      -2.14925e-05      -2.14925e-05      -1.07454e-05
    12      -2.10298e-05      -6.40003e-05      -3.20044e-05
    13      -1.15312e-05      -9.65601e-05      -4.82830e-05
    14       8.19780e-17      -1.08084e-04      -5.40480e-05
    15       1.15312e-05      -9.65601e-05      -4.82830e-05
    16       2.10298e-05      -6.40003e-05      -3.20044e-05
    17       2.14925e-05      -2.14925e-05      -1.07454e-05
    18       0.00000e+00       0.00000e+00       0.00000e+00
    19       0.00000e+00       0.00000e+00       0.00000e+00
    20      -6.40003e-05      -2.10298e-05      -3.20044e-05
    21      -6.29673e-05      -6.29673e-05      -9.54919e-05
    22      -3.56013e-05      -9.64308e-05      -1.44779e-04
    23       4.25821e-18      -1.08969e-04      -1.62580e-04
    24       3.56013e-05      -9.64308e-05      -1.44779e-04
    25       6.29673e-05      -6.29673e-05      -9.54919e-05
    26       6.40003e-05      -2.10298e-05      -3.20044e-05
    27       0.00000e+00       0.00000e+00       0.00000e+00
    28       0.00000e+00       0.00000e+00       0.00000e+00
    29      -9.65601e-05      -1.15312e-05      -4.82830e-05
    30      -9.64308e-05      -3.56013e-05      -1.44779e-04
    31      -5.53973e-05      -5.53973e-05      -2.20692e-04
    32       6.63484e-18      -6.26471e-05      -2.48391e-04
    33       5.53973e-05      -5.53973e-05      -2.20692e-04
    34       9.64308e-05      -3.56013e-05      -1.44779e-04
    35       9.65601e-05      -1.15312e-05      -4.82830e-05
    36       0.00000e+00       0.00000e+00       0.00000e+00
    37       0.00000e+00       0.00000e+00       0.00000e+00
    38      -1.08084e-04      -5.96026e-19      -5.40480e-05
    39      -1.08969e-04       5.27004e-17      -1.62580e-04
    40      -6.26471e-05       1.85093e-17      -2.48391e-04
    41       9.77707e-17      -1.30556e-16      -2.79715e-04
    42       6.26471e-05      -2.33876e-16      -2.48391e-04
    43       1.08969e-04      -1.48289e-16      -1.62580e-04
    44       1.08084e-04      -2.45348e-17      -5.40480e-05
    45       0.00000e+00       0.00000e+00       0.00000e+00
    46       0.00000e+00       0.00000e+00       0.00000e+00
    47      -9.65601e-05       1.15312e-05      -4.82830e-05
    48      -9.64308e-05       3.56013e-05      -1.44779e-04
    49      -5.53973e-05       5.53973e-05      -2.20692e-04
    50       9.57100e-18       6.26471e-05      -2.48391e-04
    51       5.53973e-05       5.53973e-05      -2.20692e-04
    52       9.64308e-05       3.56013e-05      -1.44779e-04
    53       9.65601e-05       1.15312e-05      -4.82830e-05
    54       0.00000e+00       0.00000e+00       0.00000e+00
    55       0.00000e+00       0.00000e+00       0.00000e+00
    56      -6.40003e-05       2.10298e-05      -3.20044e-05
    57      -6.29673e-05       6.29673e-05      -9.54919e-05
    58      -3.56013e-05       9.64308e-05      -1.44779e-04
    59       2.11774e-17       1.08969e-04      -1.62580e-04
    60       3.56013e-05       9.64308e-05      -1.44779e-04
    61       6.29673e-05       6.29673e-05      -9.54919e-05
    62       6.40003e-05       2.10298e-05      -3.20044e-05
    63       0.00000e+00       0.00000e+00       0.00000e+00
    64       0.00000e+00       0.00000e+00       0.00000e+00
    65      -2.14925e-05       2.14925e-05      -1.07454e-05
    66      -2.10298e-05       6.40003e-05      -3.20044e-05
    67      -1.15312e-05       9.65601e-05      -4.82830e-05
    68       2.20563e-17       1.08084e-04      -5.40480e-05
    69       1.15312e-05       9.65601e-05      -4.82830e-05
    70       2.10298e-05       6.40003e-05      -3.20044e-05
    71       2.14925e-05       2.14925e-05      -1.07454e-05
    72       0.00000e+00       0.00000e+00       0.00000e+00
    73       0.00000e+00       0.00000e+00       0.00000e+00
    74       0.00000e+00       0.00000e+00       0.00000e+00
    75       0.00000e+00       0.00000e+00       0.00000e+00
    76       0.00000e+00       0.00000e+00       0.00000e+00
    77       0.00000e+00       0.00000e+00       0.00000e+00
    78       0.00000e+00       0.00000e+00       0.00000e+00
    79       0.00000e+00       0.00000e+00       0.00000e+00
    80       0.00000e+00       0.00000e+00       0.00000e+00
    81       0.00000e+00       0.00000e+00       0.00000e+00

 S T R E S S  C A L C U L A T I O N S  F O R  E L E M E N T  G R O U P    1

  ELEMENT     Mx           My           Mxy          Qx           Qy
  NUMBER
    1 -2.55863e-01 -2.55863e-01 -1.37772e-01  2.70145e-01  2.70145e-01
    2 -2.30633e-01 -7.81629e-01 -2.72532e-01  6.79831e-01 -1.10422e+00
    3 -3.54116e-01 -1.44424e+00 -2.08721e-01  6.03187e-01 -2.32852e+00
    4 -4.56613e-01 -1.84235e+00 -7.38957e-02  1.83428e-01 -2.82733e+00
    5 -4.56613e-01 -1.84235e+00  7.38957e-02 -1.83428e-01 -2.82733e+00
    6 -3.54116e-01 -1.44424e+00  2.08721e-01 -6.03187e-01 -2.32852e+00
    7 -2.30633e-01 -7.81629e-01  2.72532e-01 -6.79831e-01 -1.10422e+00
    8 -2.55863e-01 -2.55863e-01  1.37772e-01 -2.70145e-01  2.70145e-01
    9 -7.81629e-01 -2.30633e-01 -2.72532e-01 -1.10422e+00  6.79831e-01
   10  1.78052e-02  1.78052e-02 -5.41316e-01 -5.13907e-01 -5.13907e-01
   11  3.40781e-01  1.11920e-01 -4.23176e-01 -1.33531e-01 -1.22257e+00
   12  4.29541e-01  1.22568e-01 -1.54271e-01 -1.57751e-03 -1.64548e+00
   13  4.29541e-01  1.22568e-01  1.54271e-01  1.57751e-03 -1.64548e+00
   14  3.40781e-01  1.11920e-01  4.23176e-01  1.33531e-01 -1.22257e+00
   15  1.78052e-02  1.78052e-02  5.41316e-01  5.13907e-01 -5.13907e-01
   16 -7.81629e-01 -2.30633e-01  2.72532e-01  1.10422e+00  6.79831e-01
   17 -1.44424e+00 -3.54116e-01 -2.08721e-01 -2.32852e+00  6.03187e-01
   18  1.11920e-01  3.40781e-01 -4.23176e-01 -1.22257e+00 -1.33531e-01
   19  8.14279e-01  8.14279e-01 -3.41407e-01 -6.02947e-01 -6.02947e-01
   20  1.07331e+00  1.04995e+00 -1.26872e-01 -1.76473e-01 -8.23527e-01
   21  1.07331e+00  1.04995e+00  1.26872e-01  1.76473e-01 -8.23527e-01
   22  8.14279e-01  8.14279e-01  3.41407e-01  6.02947e-01 -6.02947e-01
   23  1.11920e-01  3.40781e-01  4.23176e-01  1.22257e+00 -1.33531e-01
   24 -1.44424e+00 -3.54116e-01  2.08721e-01  2.32852e+00  6.03187e-01
   25 -1.84235e+00 -4.56613e-01 -7.38957e-02 -2.82733e+00  1.83428e-01
   26  1.22568e-01  4.29541e-01 -1.54271e-01 -1.64548e+00 -1.57751e-03
   27  1.04995e+00  1.07331e+00 -1.26872e-01 -8.23527e-01 -1.76473e-01
   28  1.40529e+00  1.40529e+00 -4.64728e-02 -2.50000e-01 -2.50000e-01
   29  1.40529e+00  1.40529e+00  4.64728e-02  2.50000e-01 -2.50000e-01
   30  1.04995e+00  1.07331e+00  1.26872e-01  8.23527e-01 -1.76473e-01
   31  1.22568e-01  4.29541e-01  1.54271e-01  1.64548e+00 -1.57751e-03
   32 -1.84235e+00 -4.56613e-01  7.38957e-02  2.82733e+00  1.83428e-01
   33 -1.84235e+00 -4.56613e-01  7.38957e-02 -2.82733e+00 -1.83428e-01
   34  1.22568e-01  4.29541e-01  1.54271e-01 -1.64548e+00  1.57751e-03
   35  1.04995e+00  1.07331e+00  1.26872e-01 -8.23527e-01  1.76473e-01
   36  1.40529e+00  1.40529e+00  4.64728e-02 -2.50000e-01  2.50000e-01
   37  1.40529e+00  1.40529e+00 -4.64728e-02  2.50000e-01  2.50000e-01
   38  1.04995e+00  1.07331e+00 -1.26872e-01  8.23527e-01  1.76473e-01
   39  1.22568e-01  4.29541e-01 -1.54271e-01  1.64548e+00  1.57751e-03
   40 -1.84235e+00 -4.56613e-01 -7.38957e-02  2.82733e+00 -1.83428e-01
   41 -1.44424e+00 -3.54116e-01  2.08721e-01 -2.32852e+00 -6.03187e-01
   42  1.11920e-01  3.40781e-01  4.23176e-01 -1.22257e+00  1.33531e-01
   43  8.14279e-01  8.14279e-01  3.41407e-01 -6.02947e-01  6.02947e-01
   44  1.07331e+00  1.04995e+00  1.26872e-01 -1.76473e-01  8.23527e-01
   45  1.07331e+00  1.04995e+00 -1.26872e-01  1.76473e-01  8.23527e-01
   46  8.14279e-01  8.14279e-01 -3.41407e-01  6.02947e-01  6.02947e-01
   47  1.11920e-01  3.40781e-01 -4.23176e-01  1.22257e+00  1.33531e-01
   48 -1.44424e+00 -3.54116e-01 -2.08721e-01  2.32852e+00 -6.03187e-01
   49 -7.81629e-01 -2.30633e-01  2.72532e-01 -1.10422e+00 -6.79831e-01
   50  1.78052e-02  1.78052e-02  5.41316e-01 -5.13907e-01  5.13907e-01
   51  3.40781e-01  1.11920e-01  4.23176e-01 -1.33531e-01  1.22257e+00
   52  4.29541e-01  1.22568e-01  1.54271e-01 -1.57751e-03  1.64548e+00
   53  4.29541e-01  1.22568e-01 -1.54271e-01  1.57751e-03  1.64548e+00
   54  3.40781e-01  1.11920e-01 -4.23176e-01  1.33531e-01  1.22257e+00
   55  1.78052e-02  1.78052e-02 -5.41316e-01  5.13907e-01  5.13907e-01
   56 -7.81629e-01 -2.30633e-01 -2.72532e-01  1.10422e+00 -6.79831e-01
   57 -2.55863e-01 -2.55863e-01  1.37772e-01  2.70145e-01 -2.70145e-01
   58 -2.30633e-01 -7.81629e-01  2.72532e-01  6.79831e-01  1.10422e+00
   59 -3.54116e-01 -1.44424e+00  2.08721e-01  6.03187e-01  2.32852e+00
   60 -4.56613e-01 -1.84235e+00  7.38957e-02  1.83428e-01  2.82733e+00
   61 -4.56613e-01 -1.84235e+00 -7.38957e-02 -1.83428e-01  2.82733e+00
   62 -3.54116e-01 -1.44424e+00 -2.08721e-01 -6.03187e-01  2.32852e+00
   63 -2.30633e-01 -7.81629e-01 -2.72532e-01 -6.79831e-01  1.10422e+00
   64 -2.55863e-01 -2.55863e-01 -1.37772e-01 -2.70145e-01 -2.70145e-01


 S O L U T I O N   T I M E   L O G   I N   S E C 

     TIME FOR INPUT PHASE = 4.37800e-03
     TIME FOR CALCULATION OF STIFFNESS MATRIX = 2.03300e-03
     TIME FOR FACTORIZATION AND LOAD CASE SOLUTIONS = 3.20400e-03

     T O T A L   S O L U T I O N   T I M E = 9.61500e-03

